;  LST file generated by mikroListExporter - v.2.0 
; Date/Time: 1/7/2020 3:50:29 PM
;----------------------------------------------

;Address Opcode 	ASM
0x0000	0xF002EFBA  	GOTO        1396
0x0004	0x0000      	NOP
0x0006	0x0000      	NOP
0x0008	0xF000EF00  	GOTO        0
0x000C	0x0000      	NOP
0x000E	0x0000      	NOP
0x0010	0x0000      	NOP
0x0012	0x0000      	NOP
0x0014	0x0000      	NOP
0x0016	0x0000      	NOP
0x0018	0xD7F3      	BRA         0
_Delay_5500us:
;__Lib_Delays.c,31 :: 		void Delay_5500us() {
;__Lib_Delays.c,32 :: 		Delay_us(5500);
0x001C	0x0E0F      	MOVLW       15
0x001E	0x6E0C      	MOVWF       R12, 0
0x0020	0x0E47      	MOVLW       71
0x0022	0x6E0D      	MOVWF       R13, 0
L_Delay_5500us5:
0x0024	0x2E0D      	DECFSZ      R13, 1, 0
0x0026	0xD7FE      	BRA         L_Delay_5500us5
0x0028	0x2E0C      	DECFSZ      R12, 1, 0
0x002A	0xD7FC      	BRA         L_Delay_5500us5
0x002C	0x0000      	NOP
0x002E	0x0000      	NOP
;__Lib_Delays.c,33 :: 		}
L_end_Delay_5500us:
0x0030	0x0012      	RETURN      0
; end of _Delay_5500us
_Delay_1us:
;__Lib_Delays.c,7 :: 		void Delay_1us() {
;__Lib_Delays.c,8 :: 		Delay_us(1);
0x0032	0x0000      	NOP
0x0034	0x0000      	NOP
;__Lib_Delays.c,9 :: 		}
L_end_Delay_1us:
0x0036	0x0012      	RETURN      0
; end of _Delay_1us
_Delay_50us:
;__Lib_Delays.c,19 :: 		void Delay_50us() {
;__Lib_Delays.c,20 :: 		Delay_us(50);
0x0038	0x0E21      	MOVLW       33
0x003A	0x6E0D      	MOVWF       R13, 0
L_Delay_50us2:
0x003C	0x2E0D      	DECFSZ      R13, 1, 0
0x003E	0xD7FE      	BRA         L_Delay_50us2
;__Lib_Delays.c,21 :: 		}
L_end_Delay_50us:
0x0040	0x0012      	RETURN      0
; end of _Delay_50us
_Lcd_Cmd:
;__Lib_Lcd.c,18 :: 		
;__Lib_Lcd.c,20 :: 		
0x0042	0x0100      	MOVLB       0
0x0044	0xBFF7      	BTFSC       FARG_Lcd_Cmd_out_char, 7, 1
0x0046	0xD002      	BRA         L__Lcd_Cmd21
0x0048	0x9681      	BCF         LCD_D7, BitPos(LCD_D7+0) 
0x004A	0xD001      	BRA         L__Lcd_Cmd22
L__Lcd_Cmd21:
0x004C	0x8681      	BSF         LCD_D7, BitPos(LCD_D7+0) 
L__Lcd_Cmd22:
;__Lib_Lcd.c,21 :: 		
0x004E	0xBDF7      	BTFSC       FARG_Lcd_Cmd_out_char, 6, 1
0x0050	0xD002      	BRA         L__Lcd_Cmd23
0x0052	0x9481      	BCF         LCD_D6, BitPos(LCD_D6+0) 
0x0054	0xD001      	BRA         L__Lcd_Cmd24
L__Lcd_Cmd23:
0x0056	0x8481      	BSF         LCD_D6, BitPos(LCD_D6+0) 
L__Lcd_Cmd24:
;__Lib_Lcd.c,22 :: 		
0x0058	0xBBF7      	BTFSC       FARG_Lcd_Cmd_out_char, 5, 1
0x005A	0xD002      	BRA         L__Lcd_Cmd25
0x005C	0x9281      	BCF         LCD_D5, BitPos(LCD_D5+0) 
0x005E	0xD001      	BRA         L__Lcd_Cmd26
L__Lcd_Cmd25:
0x0060	0x8281      	BSF         LCD_D5, BitPos(LCD_D5+0) 
L__Lcd_Cmd26:
;__Lib_Lcd.c,23 :: 		
0x0062	0xB9F7      	BTFSC       FARG_Lcd_Cmd_out_char, 4, 1
0x0064	0xD002      	BRA         L__Lcd_Cmd27
0x0066	0x9081      	BCF         LCD_D4, BitPos(LCD_D4+0) 
0x0068	0xD001      	BRA         L__Lcd_Cmd28
L__Lcd_Cmd27:
0x006A	0x8081      	BSF         LCD_D4, BitPos(LCD_D4+0) 
L__Lcd_Cmd28:
;__Lib_Lcd.c,25 :: 		
0x006C	0xB021      	BTFSC       __Lib_Lcd_cmd_status, BitPos(__Lib_Lcd_cmd_status+0) 
0x006E	0xD002      	BRA         L__Lcd_Cmd29
0x0070	0x8881      	BSF         LCD_RS, BitPos(LCD_RS+0) 
0x0072	0xD001      	BRA         L__Lcd_Cmd30
L__Lcd_Cmd29:
0x0074	0x9881      	BCF         LCD_RS, BitPos(LCD_RS+0) 
L__Lcd_Cmd30:
;__Lib_Lcd.c,28 :: 		
0x0076	0x8A81      	BSF         LCD_EN, BitPos(LCD_EN+0) 
;__Lib_Lcd.c,29 :: 		
0x0078	0xDFDC      	RCALL       _Delay_1us
;__Lib_Lcd.c,30 :: 		
0x007A	0x9A81      	BCF         LCD_EN, BitPos(LCD_EN+0) 
;__Lib_Lcd.c,33 :: 		
0x007C	0xB7F7      	BTFSC       FARG_Lcd_Cmd_out_char, 3, 1
0x007E	0xD002      	BRA         L__Lcd_Cmd31
0x0080	0x9681      	BCF         LCD_D7, BitPos(LCD_D7+0) 
0x0082	0xD001      	BRA         L__Lcd_Cmd32
L__Lcd_Cmd31:
0x0084	0x8681      	BSF         LCD_D7, BitPos(LCD_D7+0) 
L__Lcd_Cmd32:
;__Lib_Lcd.c,34 :: 		
0x0086	0xB5F7      	BTFSC       FARG_Lcd_Cmd_out_char, 2, 1
0x0088	0xD002      	BRA         L__Lcd_Cmd33
0x008A	0x9481      	BCF         LCD_D6, BitPos(LCD_D6+0) 
0x008C	0xD001      	BRA         L__Lcd_Cmd34
L__Lcd_Cmd33:
0x008E	0x8481      	BSF         LCD_D6, BitPos(LCD_D6+0) 
L__Lcd_Cmd34:
;__Lib_Lcd.c,35 :: 		
0x0090	0xB3F7      	BTFSC       FARG_Lcd_Cmd_out_char, 1, 1
0x0092	0xD002      	BRA         L__Lcd_Cmd35
0x0094	0x9281      	BCF         LCD_D5, BitPos(LCD_D5+0) 
0x0096	0xD001      	BRA         L__Lcd_Cmd36
L__Lcd_Cmd35:
0x0098	0x8281      	BSF         LCD_D5, BitPos(LCD_D5+0) 
L__Lcd_Cmd36:
;__Lib_Lcd.c,36 :: 		
0x009A	0xB1F7      	BTFSC       FARG_Lcd_Cmd_out_char, 0, 1
0x009C	0xD002      	BRA         L__Lcd_Cmd37
0x009E	0x9081      	BCF         LCD_D4, BitPos(LCD_D4+0) 
0x00A0	0xD001      	BRA         L__Lcd_Cmd38
L__Lcd_Cmd37:
0x00A2	0x8081      	BSF         LCD_D4, BitPos(LCD_D4+0) 
L__Lcd_Cmd38:
;__Lib_Lcd.c,38 :: 		
0x00A4	0xB021      	BTFSC       __Lib_Lcd_cmd_status, BitPos(__Lib_Lcd_cmd_status+0) 
0x00A6	0xD002      	BRA         L__Lcd_Cmd39
0x00A8	0x8881      	BSF         LCD_RS, BitPos(LCD_RS+0) 
0x00AA	0xD001      	BRA         L__Lcd_Cmd40
L__Lcd_Cmd39:
0x00AC	0x9881      	BCF         LCD_RS, BitPos(LCD_RS+0) 
L__Lcd_Cmd40:
;__Lib_Lcd.c,40 :: 		
0x00AE	0x8A81      	BSF         LCD_EN, BitPos(LCD_EN+0) 
;__Lib_Lcd.c,41 :: 		
0x00B0	0xDFC0      	RCALL       _Delay_1us
;__Lib_Lcd.c,42 :: 		
0x00B2	0x9A81      	BCF         LCD_EN, BitPos(LCD_EN+0) 
;__Lib_Lcd.c,44 :: 		
0x00B4	0xA021      	BTFSS       __Lib_Lcd_cmd_status, BitPos(__Lib_Lcd_cmd_status+0) 
0x00B6	0xD002      	BRA         L_Lcd_Cmd0
;__Lib_Lcd.c,45 :: 		
0x00B8	0xDFB1      	RCALL       _Delay_5500us
0x00BA	0xD001      	BRA         L_Lcd_Cmd1
L_Lcd_Cmd0:
;__Lib_Lcd.c,47 :: 		
0x00BC	0xDFBD      	RCALL       _Delay_50us
L_Lcd_Cmd1:
;__Lib_Lcd.c,48 :: 		
L_end_Lcd_Cmd:
0x00BE	0x0012      	RETURN      0
; end of _Lcd_Cmd
_memchr:
;__Lib_CString.c,14 :: 		
;__Lib_CString.c,17 :: 		
0x00C0	0xF002C0F1  	MOVFF       FARG_memchr_p, R2
0x00C4	0xF003C0F2  	MOVFF       FARG_memchr_p+1, R3
;__Lib_CString.c,18 :: 		
L_memchr0:
0x00C8	0xF000C0F4  	MOVFF       FARG_memchr_v, R0
0x00CC	0xF001C0F5  	MOVFF       FARG_memchr_v+1, R1
0x00D0	0x0E01      	MOVLW       1
0x00D2	0x0100      	MOVLB       0
0x00D4	0x5FF4      	SUBWF       FARG_memchr_v, 1, 1
0x00D6	0x0E00      	MOVLW       0
0x00D8	0x5BF5      	SUBWFB      FARG_memchr_v+1, 1, 1
0x00DA	0x5000      	MOVF        R0, 0 
0x00DC	0x1001      	IORWF       R1, 0 
0x00DE	0xE00F      	BZ          L_memchr1
;__Lib_CString.c,19 :: 		
0x00E0	0xFFE9C002  	MOVFF       R2, FSR0L
0x00E4	0xFFEAC003  	MOVFF       R3, FSR0H
0x00E8	0x50EE      	MOVF        POSTINC0, 0 
0x00EA	0x19F3      	XORWF       FARG_memchr_n, 0, 1
0x00EC	0xE105      	BNZ         L_memchr2
;__Lib_CString.c,20 :: 		
0x00EE	0xF000C002  	MOVFF       R2, R0
0x00F2	0xF001C003  	MOVFF       R3, R1
0x00F6	0xD005      	BRA         L_end_memchr
L_memchr2:
;__Lib_CString.c,22 :: 		
0x00F8	0x4A02      	INFSNZ      R2, 1 
0x00FA	0x2A03      	INCF        R3, 1 
0x00FC	0xD7E5      	BRA         L_memchr0
L_memchr1:
;__Lib_CString.c,24 :: 		
0x00FE	0x6A00      	CLRF        R0 
0x0100	0x6A01      	CLRF        R1 
;__Lib_CString.c,25 :: 		
L_end_memchr:
0x0102	0x0012      	RETURN      0
; end of _memchr
_strncpy:
;__Lib_CString.c,173 :: 		
;__Lib_CString.c,176 :: 		
0x0104	0xF004C0F1  	MOVFF       FARG_strncpy_to, R4
0x0108	0xF005C0F2  	MOVFF       FARG_strncpy_to+1, R5
;__Lib_CString.c,177 :: 		
L_strncpy45:
0x010C	0x0100      	MOVLB       0
0x010E	0x51F5      	MOVF        FARG_strncpy_size, 0, 1
0x0110	0x11F6      	IORWF       FARG_strncpy_size+1, 0, 1
0x0112	0xE024      	BZ          L_strncpy46
;__Lib_CString.c,178 :: 		
0x0114	0x0E01      	MOVLW       1
0x0116	0x5FF5      	SUBWF       FARG_strncpy_size, 1, 1
0x0118	0x0E00      	MOVLW       0
0x011A	0x5BF6      	SUBWFB      FARG_strncpy_size+1, 1, 1
;__Lib_CString.c,180 :: 		
0x011C	0xF002C004  	MOVFF       R4, R2
0x0120	0xF003C005  	MOVFF       R5, R3
0x0124	0x4A04      	INFSNZ      R4, 1 
0x0126	0x2A05      	INCF        R5, 1 
0x0128	0xF000C0F3  	MOVFF       FARG_strncpy_from, R0
0x012C	0xF001C0F4  	MOVFF       FARG_strncpy_from+1, R1
0x0130	0x4BF3      	INFSNZ      FARG_strncpy_from, 1, 1
0x0132	0x2BF4      	INCF        FARG_strncpy_from+1, 1, 1
0x0134	0xFFE9C000  	MOVFF       R0, FSR0L
0x0138	0xFFEAC001  	MOVFF       R1, FSR0H
0x013C	0xFFE1C002  	MOVFF       R2, FSR1L
0x0140	0xFFE2C003  	MOVFF       R3, FSR1H
0x0144	0xFFE6CFEE  	MOVFF       POSTINC0, POSTINC1
0x0148	0xFFE9C002  	MOVFF       R2, FSR0L
0x014C	0xFFEAC003  	MOVFF       R3, FSR0H
0x0150	0xF000CFEE  	MOVFF       POSTINC0, R0
0x0154	0x5200      	MOVF        R0, 1 
0x0156	0xE101      	BNZ         L_strncpy47
;__Lib_CString.c,181 :: 		
0x0158	0xD001      	BRA         L_strncpy46
L_strncpy47:
;__Lib_CString.c,182 :: 		
0x015A	0xD7D8      	BRA         L_strncpy45
L_strncpy46:
;__Lib_CString.c,183 :: 		
L_strncpy48:
0x015C	0xF000C0F5  	MOVFF       FARG_strncpy_size, R0
0x0160	0xF001C0F6  	MOVFF       FARG_strncpy_size+1, R1
0x0164	0x0E01      	MOVLW       1
0x0166	0x5FF5      	SUBWF       FARG_strncpy_size, 1, 1
0x0168	0x0E00      	MOVLW       0
0x016A	0x5BF6      	SUBWFB      FARG_strncpy_size+1, 1, 1
0x016C	0x5000      	MOVF        R0, 0 
0x016E	0x1001      	IORWF       R1, 0 
0x0170	0xE008      	BZ          L_strncpy49
;__Lib_CString.c,184 :: 		
0x0172	0xFFE1C004  	MOVFF       R4, FSR1L
0x0176	0xFFE2C005  	MOVFF       R5, FSR1H
0x017A	0x6AE6      	CLRF        POSTINC1 
0x017C	0x4A04      	INFSNZ      R4, 1 
0x017E	0x2A05      	INCF        R5, 1 
0x0180	0xD7ED      	BRA         L_strncpy48
L_strncpy49:
;__Lib_CString.c,186 :: 		
0x0182	0xF000C0F1  	MOVFF       FARG_strncpy_to, R0
0x0186	0xF001C0F2  	MOVFF       FARG_strncpy_to+1, R1
;__Lib_CString.c,187 :: 		
L_end_strncpy:
0x018A	0x0012      	RETURN      0
; end of _strncpy
_UART1_Data_Ready:
;__Lib_UART_c67.c,34 :: 		
;__Lib_UART_c67.c,35 :: 		
0x018C	0x0E00      	MOVLW       0
0x018E	0xBA9E      	BTFSC       PIR1, 5 
0x0190	0x0E01      	MOVLW       1
0x0192	0x6E00      	MOVWF       R0 
;__Lib_UART_c67.c,36 :: 		
L_end_UART1_Data_Ready:
0x0194	0x0012      	RETURN      0
; end of _UART1_Data_Ready
_UART1_Read:
;__Lib_UART_c67.c,39 :: 		
;__Lib_UART_c67.c,42 :: 		
0x0196	0xF001CFAE  	MOVFF       RCREG, R1
;__Lib_UART_c67.c,43 :: 		
0x019A	0xA2AB      	BTFSS       RCSTA, 1 
0x019C	0xD002      	BRA         L_UART1_Read2
;__Lib_UART_c67.c,44 :: 		
0x019E	0x98AB      	BCF         RCSTA, 4 
;__Lib_UART_c67.c,45 :: 		
0x01A0	0x88AB      	BSF         RCSTA, 4 
;__Lib_UART_c67.c,46 :: 		
L_UART1_Read2:
;__Lib_UART_c67.c,47 :: 		
0x01A2	0xF000C001  	MOVFF       R1, R0
;__Lib_UART_c67.c,48 :: 		
L_end_UART1_Read:
0x01A6	0x0012      	RETURN      0
; end of _UART1_Read
_Lcd_Chr_CP:
;__Lib_Lcd.c,50 :: 		
;__Lib_Lcd.c,52 :: 		
0x01A8	0x9021      	BCF         __Lib_Lcd_cmd_status, BitPos(__Lib_Lcd_cmd_status+0) 
;__Lib_Lcd.c,53 :: 		
0x01AA	0xF0F7C0F1  	MOVFF       FARG_Lcd_Chr_CP_out_char, FARG_Lcd_Cmd_out_char
0x01AE	0xDF49      	RCALL       _Lcd_Cmd
;__Lib_Lcd.c,54 :: 		
0x01B0	0x8021      	BSF         __Lib_Lcd_cmd_status, BitPos(__Lib_Lcd_cmd_status+0) 
;__Lib_Lcd.c,55 :: 		
L_end_Lcd_Chr_CP:
0x01B2	0x0012      	RETURN      0
; end of _Lcd_Chr_CP
_strcmp:
;__Lib_CString.c,122 :: 		
;__Lib_CString.c,124 :: 		
L_strcmp30:
0x01B4	0xFFE9C0E9  	MOVFF       FARG_strcmp_s1, FSR0L
0x01B8	0xFFEAC0EA  	MOVFF       FARG_strcmp_s1+1, FSR0H
0x01BC	0x52EE      	MOVF        POSTINC0, 1 
0x01BE	0xE011      	BZ          L_strcmp31
0x01C0	0xFFE9C0E9  	MOVFF       FARG_strcmp_s1, FSR0L
0x01C4	0xFFEAC0EA  	MOVFF       FARG_strcmp_s1+1, FSR0H
0x01C8	0xFFD9C0EB  	MOVFF       FARG_strcmp_s2, FSR2L
0x01CC	0xFFDAC0EC  	MOVFF       FARG_strcmp_s2+1, FSR2H
0x01D0	0x50EE      	MOVF        POSTINC0, 0 
0x01D2	0x18DE      	XORWF       POSTINC2, 0 
0x01D4	0xE106      	BNZ         L_strcmp31
L__strcmp81:
;__Lib_CString.c,125 :: 		
0x01D6	0x0100      	MOVLB       0
0x01D8	0x4BE9      	INFSNZ      FARG_strcmp_s1, 1, 1
0x01DA	0x2BEA      	INCF        FARG_strcmp_s1+1, 1, 1
0x01DC	0x4BEB      	INFSNZ      FARG_strcmp_s2, 1, 1
0x01DE	0x2BEC      	INCF        FARG_strcmp_s2+1, 1, 1
0x01E0	0xD7E9      	BRA         L_strcmp30
L_strcmp31:
;__Lib_CString.c,127 :: 		
0x01E2	0xFFE9C0E9  	MOVFF       FARG_strcmp_s1, FSR0L
0x01E6	0xFFEAC0EA  	MOVFF       FARG_strcmp_s1+1, FSR0H
0x01EA	0xFFD9C0EB  	MOVFF       FARG_strcmp_s2, FSR2L
0x01EE	0xFFDAC0EC  	MOVFF       FARG_strcmp_s2+1, FSR2H
0x01F2	0x50DE      	MOVF        POSTINC2, 0 
0x01F4	0x5CEE      	SUBWF       POSTINC0, 0 
0x01F6	0x6E00      	MOVWF       R0 
0x01F8	0x6A01      	CLRF        R1 
0x01FA	0x0E00      	MOVLW       0
0x01FC	0x5A01      	SUBWFB      R1, 1 
;__Lib_CString.c,128 :: 		
L_end_strcmp:
0x01FE	0x0012      	RETURN      0
; end of _strcmp
_Lcd_Init:
;__Lib_Lcd.c,84 :: 		
;__Lib_Lcd.c,86 :: 		
0x0200	0x9A93      	BCF         LCD_EN_Direction, BitPos(LCD_EN_Direction+0) 
;__Lib_Lcd.c,87 :: 		
0x0202	0x9893      	BCF         LCD_RS_Direction, BitPos(LCD_RS_Direction+0) 
;__Lib_Lcd.c,88 :: 		
0x0204	0x9093      	BCF         LCD_D4_Direction, BitPos(LCD_D4_Direction+0) 
;__Lib_Lcd.c,89 :: 		
0x0206	0x9293      	BCF         LCD_D5_Direction, BitPos(LCD_D5_Direction+0) 
;__Lib_Lcd.c,90 :: 		
0x0208	0x9493      	BCF         LCD_D6_Direction, BitPos(LCD_D6_Direction+0) 
;__Lib_Lcd.c,91 :: 		
0x020A	0x9693      	BCF         LCD_D7_Direction, BitPos(LCD_D7_Direction+0) 
;__Lib_Lcd.c,93 :: 		
0x020C	0x9A81      	BCF         LCD_EN, BitPos(LCD_EN+0) 
;__Lib_Lcd.c,94 :: 		
0x020E	0x9881      	BCF         LCD_RS, BitPos(LCD_RS+0) 
;__Lib_Lcd.c,95 :: 		
0x0210	0x9681      	BCF         LCD_D7, BitPos(LCD_D7+0) 
;__Lib_Lcd.c,96 :: 		
0x0212	0x9481      	BCF         LCD_D6, BitPos(LCD_D6+0) 
;__Lib_Lcd.c,97 :: 		
0x0214	0x9281      	BCF         LCD_D5, BitPos(LCD_D5+0) 
;__Lib_Lcd.c,98 :: 		
0x0216	0x9081      	BCF         LCD_D4, BitPos(LCD_D4+0) 
;__Lib_Lcd.c,100 :: 		
0x0218	0xDF01      	RCALL       _Delay_5500us
;__Lib_Lcd.c,101 :: 		
0x021A	0xDF00      	RCALL       _Delay_5500us
;__Lib_Lcd.c,102 :: 		
0x021C	0xDEFF      	RCALL       _Delay_5500us
;__Lib_Lcd.c,105 :: 		
0x021E	0x8281      	BSF         LCD_D5, BitPos(LCD_D5+0) 
;__Lib_Lcd.c,106 :: 		
0x0220	0x8081      	BSF         LCD_D4, BitPos(LCD_D4+0) 
;__Lib_Lcd.c,107 :: 		
0x0222	0x8A81      	BSF         LCD_EN, BitPos(LCD_EN+0) 
;__Lib_Lcd.c,108 :: 		
0x0224	0xDF06      	RCALL       _Delay_1us
;__Lib_Lcd.c,109 :: 		
0x0226	0x9A81      	BCF         LCD_EN, BitPos(LCD_EN+0) 
;__Lib_Lcd.c,110 :: 		
0x0228	0xDEF9      	RCALL       _Delay_5500us
;__Lib_Lcd.c,112 :: 		
0x022A	0x8A81      	BSF         LCD_EN, BitPos(LCD_EN+0) 
;__Lib_Lcd.c,113 :: 		
0x022C	0xDF02      	RCALL       _Delay_1us
;__Lib_Lcd.c,114 :: 		
0x022E	0x9A81      	BCF         LCD_EN, BitPos(LCD_EN+0) 
;__Lib_Lcd.c,115 :: 		
0x0230	0xDEF5      	RCALL       _Delay_5500us
;__Lib_Lcd.c,117 :: 		
0x0232	0x8A81      	BSF         LCD_EN, BitPos(LCD_EN+0) 
;__Lib_Lcd.c,118 :: 		
0x0234	0xDEFE      	RCALL       _Delay_1us
;__Lib_Lcd.c,119 :: 		
0x0236	0x9A81      	BCF         LCD_EN, BitPos(LCD_EN+0) 
;__Lib_Lcd.c,120 :: 		
0x0238	0xDEF1      	RCALL       _Delay_5500us
;__Lib_Lcd.c,123 :: 		
0x023A	0x9081      	BCF         LCD_D4, BitPos(LCD_D4+0) 
;__Lib_Lcd.c,124 :: 		
0x023C	0x8A81      	BSF         LCD_EN, BitPos(LCD_EN+0) 
;__Lib_Lcd.c,125 :: 		
0x023E	0xDEF9      	RCALL       _Delay_1us
;__Lib_Lcd.c,126 :: 		
0x0240	0x9A81      	BCF         LCD_EN, BitPos(LCD_EN+0) 
;__Lib_Lcd.c,127 :: 		
0x0242	0xDEEC      	RCALL       _Delay_5500us
;__Lib_Lcd.c,130 :: 		
0x0244	0x8A81      	BSF         LCD_EN, BitPos(LCD_EN+0) 
;__Lib_Lcd.c,131 :: 		
0x0246	0xDEF5      	RCALL       _Delay_1us
;__Lib_Lcd.c,132 :: 		
0x0248	0x9A81      	BCF         LCD_EN, BitPos(LCD_EN+0) 
;__Lib_Lcd.c,134 :: 		
0x024A	0x9281      	BCF         LCD_D5, BitPos(LCD_D5+0) 
;__Lib_Lcd.c,135 :: 		
0x024C	0x8681      	BSF         LCD_D7, BitPos(LCD_D7+0) 
;__Lib_Lcd.c,136 :: 		
0x024E	0x8A81      	BSF         LCD_EN, BitPos(LCD_EN+0) 
;__Lib_Lcd.c,137 :: 		
0x0250	0xDEF0      	RCALL       _Delay_1us
;__Lib_Lcd.c,138 :: 		
0x0252	0x9A81      	BCF         LCD_EN, BitPos(LCD_EN+0) 
;__Lib_Lcd.c,139 :: 		
0x0254	0xDEE3      	RCALL       _Delay_5500us
;__Lib_Lcd.c,142 :: 		
0x0256	0x9681      	BCF         LCD_D7, BitPos(LCD_D7+0) 
;__Lib_Lcd.c,143 :: 		
0x0258	0x8081      	BSF         LCD_D4, BitPos(LCD_D4+0) 
;__Lib_Lcd.c,144 :: 		
0x025A	0x8A81      	BSF         LCD_EN, BitPos(LCD_EN+0) 
;__Lib_Lcd.c,145 :: 		
0x025C	0xDEEA      	RCALL       _Delay_1us
;__Lib_Lcd.c,146 :: 		
0x025E	0x9A81      	BCF         LCD_EN, BitPos(LCD_EN+0) 
;__Lib_Lcd.c,148 :: 		
0x0260	0x9081      	BCF         LCD_D4, BitPos(LCD_D4+0) 
;__Lib_Lcd.c,149 :: 		
0x0262	0x8A81      	BSF         LCD_EN, BitPos(LCD_EN+0) 
;__Lib_Lcd.c,150 :: 		
0x0264	0xDEE6      	RCALL       _Delay_1us
;__Lib_Lcd.c,151 :: 		
0x0266	0x9A81      	BCF         LCD_EN, BitPos(LCD_EN+0) 
;__Lib_Lcd.c,152 :: 		
0x0268	0xDED9      	RCALL       _Delay_5500us
;__Lib_Lcd.c,155 :: 		
0x026A	0x8A81      	BSF         LCD_EN, BitPos(LCD_EN+0) 
;__Lib_Lcd.c,156 :: 		
0x026C	0xDEE2      	RCALL       _Delay_1us
;__Lib_Lcd.c,157 :: 		
0x026E	0x9A81      	BCF         LCD_EN, BitPos(LCD_EN+0) 
;__Lib_Lcd.c,159 :: 		
0x0270	0x8081      	BSF         LCD_D4, BitPos(LCD_D4+0) 
;__Lib_Lcd.c,160 :: 		
0x0272	0x8A81      	BSF         LCD_EN, BitPos(LCD_EN+0) 
;__Lib_Lcd.c,161 :: 		
0x0274	0xDEDE      	RCALL       _Delay_1us
;__Lib_Lcd.c,162 :: 		
0x0276	0x9A81      	BCF         LCD_EN, BitPos(LCD_EN+0) 
;__Lib_Lcd.c,163 :: 		
0x0278	0xDED1      	RCALL       _Delay_5500us
;__Lib_Lcd.c,166 :: 		
0x027A	0x9081      	BCF         LCD_D4, BitPos(LCD_D4+0) 
;__Lib_Lcd.c,167 :: 		
0x027C	0x8A81      	BSF         LCD_EN, BitPos(LCD_EN+0) 
;__Lib_Lcd.c,168 :: 		
0x027E	0xDED9      	RCALL       _Delay_1us
;__Lib_Lcd.c,169 :: 		
0x0280	0x9A81      	BCF         LCD_EN, BitPos(LCD_EN+0) 
;__Lib_Lcd.c,171 :: 		
0x0282	0x8681      	BSF         LCD_D7, BitPos(LCD_D7+0) 
;__Lib_Lcd.c,172 :: 		
0x0284	0x8481      	BSF         LCD_D6, BitPos(LCD_D6+0) 
;__Lib_Lcd.c,173 :: 		
0x0286	0x8281      	BSF         LCD_D5, BitPos(LCD_D5+0) 
;__Lib_Lcd.c,174 :: 		
0x0288	0x8081      	BSF         LCD_D4, BitPos(LCD_D4+0) 
;__Lib_Lcd.c,175 :: 		
0x028A	0x8A81      	BSF         LCD_EN, BitPos(LCD_EN+0) 
;__Lib_Lcd.c,176 :: 		
0x028C	0xDED2      	RCALL       _Delay_1us
;__Lib_Lcd.c,177 :: 		
0x028E	0x9A81      	BCF         LCD_EN, BitPos(LCD_EN+0) 
;__Lib_Lcd.c,179 :: 		
0x0290	0xDEC5      	RCALL       _Delay_5500us
;__Lib_Lcd.c,181 :: 		
0x0292	0x8021      	BSF         __Lib_Lcd_cmd_status, BitPos(__Lib_Lcd_cmd_status+0) 
;__Lib_Lcd.c,182 :: 		
L_end_Lcd_Init:
0x0294	0x0012      	RETURN      0
; end of _Lcd_Init
_UART1_Read_Text:
;__Lib_UART_c67.c,78 :: 		
;__Lib_UART_c67.c,79 :: 		
0x0296	0x0100      	MOVLB       0
0x0298	0x6BEF      	CLRF        UART1_Read_Text_out_idx_L0, 1
0x029A	0x6BF0      	CLRF        UART1_Read_Text_delim_idx_L0, 1
;__Lib_UART_c67.c,81 :: 		
L_UART1_Read_Text7:
0x029C	0x53ED      	MOVF        FARG_UART1_Read_Text_Attempts, 1, 1
0x029E	0xE042      	BZ          L_UART1_Read_Text8
;__Lib_UART_c67.c,83 :: 		
0x02A0	0x51ED      	MOVF        FARG_UART1_Read_Text_Attempts, 0, 1
0x02A2	0x0AFF      	XORLW       255
0x02A4	0xA4D8      	BTFSS       STATUS, 2 
;__Lib_UART_c67.c,84 :: 		
0x02A6	0x07ED      	DECF        FARG_UART1_Read_Text_Attempts, 1, 1
L_UART1_Read_Text9:
;__Lib_UART_c67.c,86 :: 		
L_UART1_Read_Text10:
0x02A8	0xDF71      	RCALL       _UART1_Data_Ready
0x02AA	0x5000      	MOVF        R0, 0 
0x02AC	0x0A00      	XORLW       0
0x02AE	0xE101      	BNZ         L_UART1_Read_Text11
;__Lib_UART_c67.c,87 :: 		
0x02B0	0xD7FB      	BRA         L_UART1_Read_Text10
L_UART1_Read_Text11:
;__Lib_UART_c67.c,89 :: 		
0x02B2	0xDF71      	RCALL       _UART1_Read
0x02B4	0xF0EEC000  	MOVFF       R0, UART1_Read_Text_r_data_L0
;__Lib_UART_c67.c,90 :: 		
0x02B8	0x0100      	MOVLB       0
0x02BA	0x51EF      	MOVF        UART1_Read_Text_out_idx_L0, 0, 1
0x02BC	0x25E9      	ADDWF       FARG_UART1_Read_Text_Output, 0, 1
0x02BE	0x6EE1      	MOVWF       FSR1L 
0x02C0	0x0E00      	MOVLW       0
0x02C2	0x21EA      	ADDWFC      FARG_UART1_Read_Text_Output+1, 0, 1
0x02C4	0x6EE2      	MOVWF       FSR1H 
0x02C6	0xFFE6C000  	MOVFF       R0, POSTINC1
0x02CA	0x2BEF      	INCF        UART1_Read_Text_out_idx_L0, 1, 1
;__Lib_UART_c67.c,91 :: 		
0x02CC	0x51F0      	MOVF        UART1_Read_Text_delim_idx_L0, 0, 1
0x02CE	0x25EB      	ADDWF       FARG_UART1_Read_Text_Delimiter, 0, 1
0x02D0	0x6EE9      	MOVWF       FSR0L 
0x02D2	0x0E00      	MOVLW       0
0x02D4	0x21EC      	ADDWFC      FARG_UART1_Read_Text_Delimiter+1, 0, 1
0x02D6	0x6EEA      	MOVWF       FSR0H 
0x02D8	0x50EE      	MOVF        POSTINC0, 0 
0x02DA	0x19EE      	XORWF       UART1_Read_Text_r_data_L0, 0, 1
0x02DC	0xE102      	BNZ         L_UART1_Read_Text12
;__Lib_UART_c67.c,92 :: 		
0x02DE	0x2BF0      	INCF        UART1_Read_Text_delim_idx_L0, 1, 1
;__Lib_UART_c67.c,93 :: 		
0x02E0	0xD009      	BRA         L_UART1_Read_Text13
L_UART1_Read_Text12:
;__Lib_UART_c67.c,95 :: 		
0x02E2	0x6BF0      	CLRF        UART1_Read_Text_delim_idx_L0, 1
;__Lib_UART_c67.c,96 :: 		
0x02E4	0xFFE9C0EB  	MOVFF       FARG_UART1_Read_Text_Delimiter, FSR0L
0x02E8	0xFFEAC0EC  	MOVFF       FARG_UART1_Read_Text_Delimiter+1, FSR0H
0x02EC	0x50EE      	MOVF        POSTINC0, 0 
0x02EE	0x19EE      	XORWF       UART1_Read_Text_r_data_L0, 0, 1
0x02F0	0xB4D8      	BTFSC       STATUS, 2 
;__Lib_UART_c67.c,97 :: 		
0x02F2	0x2BF0      	INCF        UART1_Read_Text_delim_idx_L0, 1, 1
;__Lib_UART_c67.c,98 :: 		
L_UART1_Read_Text14:
;__Lib_UART_c67.c,99 :: 		
L_UART1_Read_Text13:
;__Lib_UART_c67.c,101 :: 		
0x02F4	0x51F0      	MOVF        UART1_Read_Text_delim_idx_L0, 0, 1
0x02F6	0x25EB      	ADDWF       FARG_UART1_Read_Text_Delimiter, 0, 1
0x02F8	0x6EE9      	MOVWF       FSR0L 
0x02FA	0x0E00      	MOVLW       0
0x02FC	0x21EC      	ADDWFC      FARG_UART1_Read_Text_Delimiter+1, 0, 1
0x02FE	0x6EEA      	MOVWF       FSR0H 
0x0300	0x50EE      	MOVF        POSTINC0, 0 
0x0302	0x0A00      	XORLW       0
0x0304	0xE10E      	BNZ         L_UART1_Read_Text15
;__Lib_UART_c67.c,102 :: 		
0x0306	0x51F0      	MOVF        UART1_Read_Text_delim_idx_L0, 0, 1
0x0308	0x5DEF      	SUBWF       UART1_Read_Text_out_idx_L0, 0, 1
0x030A	0x6E00      	MOVWF       R0 
0x030C	0x6A01      	CLRF        R1 
0x030E	0x0E00      	MOVLW       0
0x0310	0x5A01      	SUBWFB      R1, 1 
0x0312	0x5000      	MOVF        R0, 0 
0x0314	0x25E9      	ADDWF       FARG_UART1_Read_Text_Output, 0, 1
0x0316	0x6EE1      	MOVWF       FSR1L 
0x0318	0x5001      	MOVF        R1, 0 
0x031A	0x21EA      	ADDWFC      FARG_UART1_Read_Text_Output+1, 0, 1
0x031C	0x6EE2      	MOVWF       FSR1H 
0x031E	0x6AE6      	CLRF        POSTINC1 
;__Lib_UART_c67.c,103 :: 		
0x0320	0xD006      	BRA         L_end_UART1_Read_Text
;__Lib_UART_c67.c,104 :: 		
L_UART1_Read_Text15:
;__Lib_UART_c67.c,106 :: 		
0x0322	0xD7BC      	BRA         L_UART1_Read_Text7
L_UART1_Read_Text8:
;__Lib_UART_c67.c,107 :: 		
0x0324	0xFFE1C0E9  	MOVFF       FARG_UART1_Read_Text_Output, FSR1L
0x0328	0xFFE2C0EA  	MOVFF       FARG_UART1_Read_Text_Output+1, FSR1H
0x032C	0x6AE6      	CLRF        POSTINC1 
;__Lib_UART_c67.c,108 :: 		
L_end_UART1_Read_Text:
0x032E	0x0012      	RETURN      0
; end of _UART1_Read_Text
_UART1_Init:
;__Lib_UART_c67.c,15 :: 		
;__Lib_UART_c67.c,18 :: 		
0x0330	0x0EFF      	MOVLW       _UART1_Write
0x0332	0x0100      	MOVLB       0
0x0334	0x6F81      	MOVWF       _UART_Wr_Ptr, 1
0x0336	0x0EFF      	MOVLW       hi_addr(_UART1_Write)
0x0338	0x6F82      	MOVWF       _UART_Wr_Ptr+1, 1
0x033A	0x0EFF      	MOVLW       FARG_UART1_Write_data_
0x033C	0x6F83      	MOVWF       _UART_Wr_Ptr+2, 1
0x033E	0x0EFF      	MOVLW       hi_addr(FARG_UART1_Write_data_)
0x0340	0x6F84      	MOVWF       _UART_Wr_Ptr+3, 1
;__Lib_UART_c67.c,19 :: 		
0x0342	0x0E96      	MOVLW       _UART1_Read
0x0344	0x6E7C      	MOVWF       _UART_Rd_Ptr 
0x0346	0x0E01      	MOVLW       hi_addr(_UART1_Read)
0x0348	0x6E7D      	MOVWF       _UART_Rd_Ptr+1 
0x034A	0x0E00      	MOVLW       0
0x034C	0x6E7E      	MOVWF       _UART_Rd_Ptr+2 
0x034E	0x0E00      	MOVLW       0
0x0350	0x6E7F      	MOVWF       _UART_Rd_Ptr+3 
;__Lib_UART_c67.c,20 :: 		
0x0352	0x0E8C      	MOVLW       _UART1_Data_Ready
0x0354	0x6F89      	MOVWF       _UART_Rdy_Ptr, 1
0x0356	0x0E01      	MOVLW       hi_addr(_UART1_Data_Ready)
0x0358	0x6F8A      	MOVWF       _UART_Rdy_Ptr+1, 1
0x035A	0x0E00      	MOVLW       0
0x035C	0x6F8B      	MOVWF       _UART_Rdy_Ptr+2, 1
0x035E	0x0E00      	MOVLW       0
0x0360	0x6F8C      	MOVWF       _UART_Rdy_Ptr+3, 1
;__Lib_UART_c67.c,21 :: 		
0x0362	0x0EFF      	MOVLW       _UART1_Tx_Idle
0x0364	0x6F85      	MOVWF       _UART_Tx_Idle_Ptr, 1
0x0366	0x0EFF      	MOVLW       hi_addr(_UART1_Tx_Idle)
0x0368	0x6F86      	MOVWF       _UART_Tx_Idle_Ptr+1, 1
0x036A	0x0E00      	MOVLW       0
0x036C	0x6F87      	MOVWF       _UART_Tx_Idle_Ptr+2, 1
0x036E	0x0E00      	MOVLW       0
0x0370	0x6F88      	MOVWF       _UART_Tx_Idle_Ptr+3, 1
;__Lib_UART_c67.c,23 :: 		
0x0372	0x8AAC      	BSF         TXSTA, 5 
;__Lib_UART_c67.c,24 :: 		
0x0374	0x0E90      	MOVLW       144
0x0376	0x6EAB      	MOVWF       RCSTA 
;__Lib_UART_c67.c,25 :: 		
0x0378	0x8E94      	BSF         TRISC7_bit, BitPos(TRISC7_bit+0) 
;__Lib_UART_c67.c,26 :: 		
0x037A	0x9C94      	BCF         TRISC6_bit, BitPos(TRISC6_bit+0) 
;__Lib_UART_c67.c,28 :: 		
L_UART1_Init0:
0x037C	0xAA9E      	BTFSS       PIR1, 5 
0x037E	0xD003      	BRA         L_UART1_Init1
;__Lib_UART_c67.c,29 :: 		
0x0380	0xF000CFAE  	MOVFF       RCREG, R0
0x0384	0xD7FB      	BRA         L_UART1_Init0
L_UART1_Init1:
;__Lib_UART_c67.c,30 :: 		
L_end_UART1_Init:
0x0386	0x0012      	RETURN      0
; end of _UART1_Init
___CC2DW:
;__Lib_System.c,21 :: 		
;__Lib_System.c,23 :: 		
_CC2DL_Loop1:
;__Lib_System.c,24 :: 		
0x0388	0x0009      	TBLRD*+
;__Lib_System.c,25 :: 		
0x038A	0xFFE6CFF5  	MOVFF       TABLAT, POSTINC1
;__Lib_System.c,26 :: 		
0x038E	0x0600      	DECF        R0, 1, 0
;__Lib_System.c,27 :: 		
0x0390	0xE1FB      	BNZ         _CC2DL_Loop1
;__Lib_System.c,28 :: 		
0x0392	0x0601      	DECF        R1, 1, 0
;__Lib_System.c,29 :: 		
0x0394	0xE1F9      	BNZ         _CC2DL_Loop1
;__Lib_System.c,31 :: 		
L_end___CC2DW:
0x0396	0x0012      	RETURN      0
; end of ___CC2DW
_JSON_Parse:
;MyProject.c,19 :: 		char* JSON_Parse(char* jsonPtr,char* key, char* value)
;MyProject.c,21 :: 		char* ptr1=memchr(jsonPtr, '\"', 3);
0x0398	0xF0F1C0E9  	MOVFF       FARG_JSON_Parse_jsonPtr, FARG_memchr_p
0x039C	0xF0F2C0EA  	MOVFF       FARG_JSON_Parse_jsonPtr+1, FARG_memchr_p+1
0x03A0	0x0E22      	MOVLW       34
0x03A2	0x0100      	MOVLB       0
0x03A4	0x6FF3      	MOVWF       FARG_memchr_n, 1
0x03A6	0x0E03      	MOVLW       3
0x03A8	0x6FF4      	MOVWF       FARG_memchr_v, 1
0x03AA	0x0E00      	MOVLW       0
0x03AC	0x6FF5      	MOVWF       FARG_memchr_v+1, 1
0x03AE	0xDE88      	RCALL       _memchr
0x03B0	0xF0EFC000  	MOVFF       R0, JSON_Parse_ptr1_L0
0x03B4	0xF0F0C001  	MOVFF       R1, JSON_Parse_ptr1_L0+1
;MyProject.c,22 :: 		jsonPtr=memchr(ptr1+1, '\"', 20);
0x03B8	0x0E01      	MOVLW       1
0x03BA	0x2400      	ADDWF       R0, 0 
0x03BC	0x6FF1      	MOVWF       FARG_memchr_p, 1
0x03BE	0x0E00      	MOVLW       0
0x03C0	0x2001      	ADDWFC      R1, 0 
0x03C2	0x6FF2      	MOVWF       FARG_memchr_p+1, 1
0x03C4	0x0E22      	MOVLW       34
0x03C6	0x6FF3      	MOVWF       FARG_memchr_n, 1
0x03C8	0x0E14      	MOVLW       20
0x03CA	0x6FF4      	MOVWF       FARG_memchr_v, 1
0x03CC	0x0E00      	MOVLW       0
0x03CE	0x6FF5      	MOVWF       FARG_memchr_v+1, 1
0x03D0	0xDE77      	RCALL       _memchr
0x03D2	0xF0E9C000  	MOVFF       R0, FARG_JSON_Parse_jsonPtr
0x03D6	0xF0EAC001  	MOVFF       R1, FARG_JSON_Parse_jsonPtr+1
;MyProject.c,23 :: 		strncpy(key, ptr1+1, (unsigned)(jsonPtr-ptr1-1));
0x03DA	0xF0F1C0EB  	MOVFF       FARG_JSON_Parse_key, FARG_strncpy_to
0x03DE	0xF0F2C0EC  	MOVFF       FARG_JSON_Parse_key+1, FARG_strncpy_to+1
0x03E2	0x0E01      	MOVLW       1
0x03E4	0x25EF      	ADDWF       JSON_Parse_ptr1_L0, 0, 1
0x03E6	0x6FF3      	MOVWF       FARG_strncpy_from, 1
0x03E8	0x0E00      	MOVLW       0
0x03EA	0x21F0      	ADDWFC      JSON_Parse_ptr1_L0+1, 0, 1
0x03EC	0x6FF4      	MOVWF       FARG_strncpy_from+1, 1
0x03EE	0x51EF      	MOVF        JSON_Parse_ptr1_L0, 0, 1
0x03F0	0x5C00      	SUBWF       R0, 0 
0x03F2	0x6FF5      	MOVWF       FARG_strncpy_size, 1
0x03F4	0x51F0      	MOVF        JSON_Parse_ptr1_L0+1, 0, 1
0x03F6	0x5801      	SUBWFB      R1, 0 
0x03F8	0x6FF6      	MOVWF       FARG_strncpy_size+1, 1
0x03FA	0x0E01      	MOVLW       1
0x03FC	0x5FF5      	SUBWF       FARG_strncpy_size, 1, 1
0x03FE	0x0E00      	MOVLW       0
0x0400	0x5BF6      	SUBWFB      FARG_strncpy_size+1, 1, 1
0x0402	0xDE80      	RCALL       _strncpy
;MyProject.c,25 :: 		ptr1=memchr(jsonPtr+1, '\"', 3);
0x0404	0x0E01      	MOVLW       1
0x0406	0x25E9      	ADDWF       FARG_JSON_Parse_jsonPtr, 0, 1
0x0408	0x6FF1      	MOVWF       FARG_memchr_p, 1
0x040A	0x0E00      	MOVLW       0
0x040C	0x21EA      	ADDWFC      FARG_JSON_Parse_jsonPtr+1, 0, 1
0x040E	0x6FF2      	MOVWF       FARG_memchr_p+1, 1
0x0410	0x0E22      	MOVLW       34
0x0412	0x6FF3      	MOVWF       FARG_memchr_n, 1
0x0414	0x0E03      	MOVLW       3
0x0416	0x6FF4      	MOVWF       FARG_memchr_v, 1
0x0418	0x0E00      	MOVLW       0
0x041A	0x6FF5      	MOVWF       FARG_memchr_v+1, 1
0x041C	0xDE51      	RCALL       _memchr
0x041E	0xF0EFC000  	MOVFF       R0, JSON_Parse_ptr1_L0
0x0422	0xF0F0C001  	MOVFF       R1, JSON_Parse_ptr1_L0+1
;MyProject.c,26 :: 		jsonPtr=memchr(ptr1+1, '\"', 20);
0x0426	0x0E01      	MOVLW       1
0x0428	0x2400      	ADDWF       R0, 0 
0x042A	0x6FF1      	MOVWF       FARG_memchr_p, 1
0x042C	0x0E00      	MOVLW       0
0x042E	0x2001      	ADDWFC      R1, 0 
0x0430	0x6FF2      	MOVWF       FARG_memchr_p+1, 1
0x0432	0x0E22      	MOVLW       34
0x0434	0x6FF3      	MOVWF       FARG_memchr_n, 1
0x0436	0x0E14      	MOVLW       20
0x0438	0x6FF4      	MOVWF       FARG_memchr_v, 1
0x043A	0x0E00      	MOVLW       0
0x043C	0x6FF5      	MOVWF       FARG_memchr_v+1, 1
0x043E	0xDE40      	RCALL       _memchr
0x0440	0xF0E9C000  	MOVFF       R0, FARG_JSON_Parse_jsonPtr
0x0444	0xF0EAC001  	MOVFF       R1, FARG_JSON_Parse_jsonPtr+1
;MyProject.c,27 :: 		strncpy(value, ptr1+1, (unsigned)(jsonPtr-ptr1-1));
0x0448	0xF0F1C0ED  	MOVFF       FARG_JSON_Parse_value, FARG_strncpy_to
0x044C	0xF0F2C0EE  	MOVFF       FARG_JSON_Parse_value+1, FARG_strncpy_to+1
0x0450	0x0E01      	MOVLW       1
0x0452	0x25EF      	ADDWF       JSON_Parse_ptr1_L0, 0, 1
0x0454	0x6FF3      	MOVWF       FARG_strncpy_from, 1
0x0456	0x0E00      	MOVLW       0
0x0458	0x21F0      	ADDWFC      JSON_Parse_ptr1_L0+1, 0, 1
0x045A	0x6FF4      	MOVWF       FARG_strncpy_from+1, 1
0x045C	0x51EF      	MOVF        JSON_Parse_ptr1_L0, 0, 1
0x045E	0x5C00      	SUBWF       R0, 0 
0x0460	0x6FF5      	MOVWF       FARG_strncpy_size, 1
0x0462	0x51F0      	MOVF        JSON_Parse_ptr1_L0+1, 0, 1
0x0464	0x5801      	SUBWFB      R1, 0 
0x0466	0x6FF6      	MOVWF       FARG_strncpy_size+1, 1
0x0468	0x0E01      	MOVLW       1
0x046A	0x5FF5      	SUBWF       FARG_strncpy_size, 1, 1
0x046C	0x0E00      	MOVLW       0
0x046E	0x5BF6      	SUBWFB      FARG_strncpy_size+1, 1, 1
0x0470	0xDE49      	RCALL       _strncpy
;MyProject.c,28 :: 		return jsonPtr;
0x0472	0xF000C0E9  	MOVFF       FARG_JSON_Parse_jsonPtr, R0
0x0476	0xF001C0EA  	MOVFF       FARG_JSON_Parse_jsonPtr+1, R1
;MyProject.c,29 :: 		}
L_end_JSON_Parse:
0x047A	0x0012      	RETURN      0
; end of _JSON_Parse
_Lcd_Out:
;__Lib_Lcd.c,184 :: 		
;__Lib_Lcd.c,187 :: 		
0x047C	0xD010      	BRA         L_Lcd_Out11
;__Lib_Lcd.c,188 :: 		
L_Lcd_Out13:
0x047E	0x0E80      	MOVLW       128
0x0480	0x0100      	MOVLB       0
0x0482	0x6FE9      	MOVWF       FARG_Lcd_Out_row, 1
0x0484	0xD01A      	BRA         L_Lcd_Out12
;__Lib_Lcd.c,189 :: 		
L_Lcd_Out14:
0x0486	0x0EC0      	MOVLW       192
0x0488	0x6FE9      	MOVWF       FARG_Lcd_Out_row, 1
0x048A	0xD017      	BRA         L_Lcd_Out12
;__Lib_Lcd.c,190 :: 		
L_Lcd_Out15:
0x048C	0x0E94      	MOVLW       148
0x048E	0x6FE9      	MOVWF       FARG_Lcd_Out_row, 1
0x0490	0xD014      	BRA         L_Lcd_Out12
;__Lib_Lcd.c,191 :: 		
L_Lcd_Out16:
0x0492	0x0ED4      	MOVLW       212
0x0494	0x6FE9      	MOVWF       FARG_Lcd_Out_row, 1
0x0496	0xD011      	BRA         L_Lcd_Out12
;__Lib_Lcd.c,192 :: 		
L_Lcd_Out17:
0x0498	0x0E80      	MOVLW       128
0x049A	0x6FE9      	MOVWF       FARG_Lcd_Out_row, 1
;__Lib_Lcd.c,193 :: 		
0x049C	0xD00E      	BRA         L_Lcd_Out12
L_Lcd_Out11:
0x049E	0x0100      	MOVLB       0
0x04A0	0x51E9      	MOVF        FARG_Lcd_Out_row, 0, 1
0x04A2	0x0A01      	XORLW       1
0x04A4	0xE0EC      	BZ          L_Lcd_Out13
0x04A6	0x51E9      	MOVF        FARG_Lcd_Out_row, 0, 1
0x04A8	0x0A02      	XORLW       2
0x04AA	0xE0ED      	BZ          L_Lcd_Out14
0x04AC	0x51E9      	MOVF        FARG_Lcd_Out_row, 0, 1
0x04AE	0x0A03      	XORLW       3
0x04B0	0xE0ED      	BZ          L_Lcd_Out15
0x04B2	0x51E9      	MOVF        FARG_Lcd_Out_row, 0, 1
0x04B4	0x0A04      	XORLW       4
0x04B6	0xE0ED      	BZ          L_Lcd_Out16
0x04B8	0xD7EF      	BRA         L_Lcd_Out17
L_Lcd_Out12:
;__Lib_Lcd.c,194 :: 		
0x04BA	0x05EA      	DECF        FARG_Lcd_Out_column, 0, 1
0x04BC	0x6E00      	MOVWF       R0 
0x04BE	0x51E9      	MOVF        FARG_Lcd_Out_row, 0, 1
0x04C0	0x2600      	ADDWF       R0, 1 
0x04C2	0xF0E9C000  	MOVFF       R0, FARG_Lcd_Out_row
;__Lib_Lcd.c,196 :: 		
0x04C6	0xF0F7C000  	MOVFF       R0, FARG_Lcd_Cmd_out_char
0x04CA	0xDDBB      	RCALL       _Lcd_Cmd
;__Lib_Lcd.c,197 :: 		
0x04CC	0x9021      	BCF         __Lib_Lcd_cmd_status, BitPos(__Lib_Lcd_cmd_status+0) 
;__Lib_Lcd.c,198 :: 		
0x04CE	0x6BED      	CLRF        Lcd_Out_i_L0, 1
;__Lib_Lcd.c,199 :: 		
L_Lcd_Out18:
0x04D0	0x51ED      	MOVF        Lcd_Out_i_L0, 0, 1
0x04D2	0x25EB      	ADDWF       FARG_Lcd_Out_text, 0, 1
0x04D4	0x6EE9      	MOVWF       FSR0L 
0x04D6	0x0E00      	MOVLW       0
0x04D8	0x21EC      	ADDWFC      FARG_Lcd_Out_text+1, 0, 1
0x04DA	0x6EEA      	MOVWF       FSR0H 
0x04DC	0x52EE      	MOVF        POSTINC0, 1 
0x04DE	0xE00B      	BZ          L_Lcd_Out19
;__Lib_Lcd.c,200 :: 		
0x04E0	0x51ED      	MOVF        Lcd_Out_i_L0, 0, 1
0x04E2	0x25EB      	ADDWF       FARG_Lcd_Out_text, 0, 1
0x04E4	0x6EE9      	MOVWF       FSR0L 
0x04E6	0x0E00      	MOVLW       0
0x04E8	0x21EC      	ADDWFC      FARG_Lcd_Out_text+1, 0, 1
0x04EA	0x6EEA      	MOVWF       FSR0H 
0x04EC	0xF0F1CFEE  	MOVFF       POSTINC0, FARG_Lcd_Chr_CP_out_char
0x04F0	0xDE5B      	RCALL       _Lcd_Chr_CP
0x04F2	0x2BED      	INCF        Lcd_Out_i_L0, 1, 1
0x04F4	0xD7ED      	BRA         L_Lcd_Out18
L_Lcd_Out19:
;__Lib_Lcd.c,201 :: 		
0x04F6	0x8021      	BSF         __Lib_Lcd_cmd_status, BitPos(__Lib_Lcd_cmd_status+0) 
;__Lib_Lcd.c,202 :: 		
L_end_Lcd_Out:
0x04F8	0x0012      	RETURN      0
; end of _Lcd_Out
_strcpy:
;__Lib_CString.c,133 :: 		
;__Lib_CString.c,136 :: 		
0x04FA	0xF004C0E9  	MOVFF       FARG_strcpy_to, R4
0x04FE	0xF005C0EA  	MOVFF       FARG_strcpy_to+1, R5
;__Lib_CString.c,137 :: 		
L_strcpy34:
0x0502	0xF002C004  	MOVFF       R4, R2
0x0506	0xF003C005  	MOVFF       R5, R3
0x050A	0x4A04      	INFSNZ      R4, 1 
0x050C	0x2A05      	INCF        R5, 1 
0x050E	0xF000C0EB  	MOVFF       FARG_strcpy_from, R0
0x0512	0xF001C0EC  	MOVFF       FARG_strcpy_from+1, R1
0x0516	0x0100      	MOVLB       0
0x0518	0x4BEB      	INFSNZ      FARG_strcpy_from, 1, 1
0x051A	0x2BEC      	INCF        FARG_strcpy_from+1, 1, 1
0x051C	0xFFE9C000  	MOVFF       R0, FSR0L
0x0520	0xFFEAC001  	MOVFF       R1, FSR0H
0x0524	0xFFE1C002  	MOVFF       R2, FSR1L
0x0528	0xFFE2C003  	MOVFF       R3, FSR1H
0x052C	0xFFE6CFEE  	MOVFF       POSTINC0, POSTINC1
0x0530	0xFFE9C002  	MOVFF       R2, FSR0L
0x0534	0xFFEAC003  	MOVFF       R3, FSR0H
0x0538	0x52EE      	MOVF        POSTINC0, 1 
0x053A	0xE001      	BZ          L_strcpy35
;__Lib_CString.c,138 :: 		
0x053C	0xD7E2      	BRA         L_strcpy34
L_strcpy35:
;__Lib_CString.c,139 :: 		
0x053E	0xF000C0E9  	MOVFF       FARG_strcpy_to, R0
0x0542	0xF001C0EA  	MOVFF       FARG_strcpy_to+1, R1
;__Lib_CString.c,140 :: 		
L_end_strcpy:
0x0546	0x0012      	RETURN      0
; end of _strcpy
_Lcd_Out_CP:
;__Lib_Lcd.c,57 :: 		
;__Lib_Lcd.c,59 :: 		
0x0548	0x0100      	MOVLB       0
0x054A	0x6BEB      	CLRF        Lcd_Out_CP_i_L0, 1
;__Lib_Lcd.c,60 :: 		
L_Lcd_Out_CP2:
0x054C	0x51EB      	MOVF        Lcd_Out_CP_i_L0, 0, 1
0x054E	0x25E9      	ADDWF       FARG_Lcd_Out_CP_text, 0, 1
0x0550	0x6EE9      	MOVWF       FSR0L 
0x0552	0x0E00      	MOVLW       0
0x0554	0x21EA      	ADDWFC      FARG_Lcd_Out_CP_text+1, 0, 1
0x0556	0x6EEA      	MOVWF       FSR0H 
0x0558	0x52EE      	MOVF        POSTINC0, 1 
0x055A	0xE00B      	BZ          L_Lcd_Out_CP3
;__Lib_Lcd.c,61 :: 		
0x055C	0x51EB      	MOVF        Lcd_Out_CP_i_L0, 0, 1
0x055E	0x25E9      	ADDWF       FARG_Lcd_Out_CP_text, 0, 1
0x0560	0x6EE9      	MOVWF       FSR0L 
0x0562	0x0E00      	MOVLW       0
0x0564	0x21EA      	ADDWFC      FARG_Lcd_Out_CP_text+1, 0, 1
0x0566	0x6EEA      	MOVWF       FSR0H 
0x0568	0xF0F1CFEE  	MOVFF       POSTINC0, FARG_Lcd_Chr_CP_out_char
0x056C	0xDE1D      	RCALL       _Lcd_Chr_CP
0x056E	0x2BEB      	INCF        Lcd_Out_CP_i_L0, 1, 1
;__Lib_Lcd.c,62 :: 		
0x0570	0xD7ED      	BRA         L_Lcd_Out_CP2
L_Lcd_Out_CP3:
;__Lib_Lcd.c,63 :: 		
L_end_Lcd_Out_CP:
0x0572	0x0012      	RETURN      0
; end of _Lcd_Out_CP
_main:
0x0574	0x6A15      	CLRF        ?lstr4_MyProject 
0x0576	0x0E4F      	MOVLW       79
0x0578	0x6E16      	MOVWF       ?lstr1_MyProject 
0x057A	0x0E4B      	MOVLW       75
0x057C	0x6E17      	MOVWF       23 
0x057E	0x6A18      	CLRF        24 
0x0580	0x0E49      	MOVLW       73
0x0582	0x6E19      	MOVWF       ?lstr3_MyProject 
0x0584	0x0E50      	MOVLW       80
0x0586	0x6E1A      	MOVWF       26 
0x0588	0x6A1B      	CLRF        27 
0x058A	0x0E53      	MOVLW       83
0x058C	0x6E1C      	MOVWF       ?lstr2_MyProject 
0x058E	0x0E53      	MOVLW       83
0x0590	0x6E1D      	MOVWF       29 
0x0592	0x0E49      	MOVLW       73
0x0594	0x6E1E      	MOVWF       30 
0x0596	0x0E44      	MOVLW       68
0x0598	0x6E1F      	MOVWF       31 
0x059A	0x6A20      	CLRF        32 
;MyProject.c,31 :: 		void main()
;MyProject.c,34 :: 		unsigned char lcdClear=1;
0x059C	0x0E01      	MOVLW       1
0x059E	0x0100      	MOVLB       0
0x05A0	0x6F80      	MOVWF       main_lcdClear_L0, 1
;MyProject.c,35 :: 		uart1_init(9600);
0x05A2	0x0E33      	MOVLW       51
0x05A4	0x6EAF      	MOVWF       SPBRG 
0x05A6	0x84AC      	BSF         TXSTA, 2, 0
0x05A8	0xDEC3      	RCALL       _UART1_Init
;MyProject.c,36 :: 		Lcd_Init();
0x05AA	0xDE2A      	RCALL       _Lcd_Init
;MyProject.c,37 :: 		delay_ms(100);
0x05AC	0x0E02      	MOVLW       2
0x05AE	0x6E0B      	MOVWF       R11, 0
0x05B0	0x0E04      	MOVLW       4
0x05B2	0x6E0C      	MOVWF       R12, 0
0x05B4	0x0EBA      	MOVLW       186
0x05B6	0x6E0D      	MOVWF       R13, 0
L_main0:
0x05B8	0x2E0D      	DECFSZ      R13, 1, 0
0x05BA	0xD7FE      	BRA         L_main0
0x05BC	0x2E0C      	DECFSZ      R12, 1, 0
0x05BE	0xD7FC      	BRA         L_main0
0x05C0	0x2E0B      	DECFSZ      R11, 1, 0
0x05C2	0xD7FA      	BRA         L_main0
0x05C4	0x0000      	NOP
;MyProject.c,39 :: 		while (1) {
L_main1:
;MyProject.c,41 :: 		if (UART1_Data_Ready() == 1) {          // if data is received
0x05C6	0xDDE2      	RCALL       _UART1_Data_Ready
0x05C8	0x5000      	MOVF        R0, 0 
0x05CA	0x0A01      	XORLW       1
0x05CC	0xA4D8      	BTFSS       STATUS, 2 
0x05CE	0xD0B4      	BRA         L_main3
;MyProject.c,42 :: 		UART1_Read_Text(myData, "OK", 85);    // reads text until 'OK' is found
0x05D0	0x0100      	MOVLB       0
0x05D2	0x0E22      	MOVLW       _myData
0x05D4	0x6FE9      	MOVWF       FARG_UART1_Read_Text_Output, 1
0x05D6	0x0E00      	MOVLW       hi_addr(_myData)
0x05D8	0x6FEA      	MOVWF       FARG_UART1_Read_Text_Output+1, 1
0x05DA	0x0E16      	MOVLW       ?lstr1_MyProject
0x05DC	0x6FEB      	MOVWF       FARG_UART1_Read_Text_Delimiter, 1
0x05DE	0x0E00      	MOVLW       hi_addr(?lstr1_MyProject)
0x05E0	0x6FEC      	MOVWF       FARG_UART1_Read_Text_Delimiter+1, 1
0x05E2	0x0E55      	MOVLW       85
0x05E4	0x6FED      	MOVWF       FARG_UART1_Read_Text_Attempts, 1
0x05E6	0xDE57      	RCALL       _UART1_Read_Text
;MyProject.c,44 :: 		if(myData!=0x00)
0x05E8	0x6A01      	CLRF        R1 
0x05EA	0x6A02      	CLRF        R2 
0x05EC	0x0E00      	MOVLW       hi_addr(_myData)
0x05EE	0x1802      	XORWF       R2, 0 
0x05F0	0xE102      	BNZ         L__main12
0x05F2	0x5001      	MOVF        R1, 0 
0x05F4	0x0A22      	XORLW       _myData
L__main12:
0x05F6	0xB4D8      	BTFSC       STATUS, 2 
0x05F8	0xD09F      	BRA         L_main4
;MyProject.c,46 :: 		ptr2=myData;
0x05FA	0x0E22      	MOVLW       _myData
0x05FC	0x6FE7      	MOVWF       main_ptr2_L0, 1
0x05FE	0x0E00      	MOVLW       hi_addr(_myData)
0x0600	0x6FE8      	MOVWF       main_ptr2_L0+1, 1
;MyProject.c,47 :: 		ptr2 = JSON_Parse(ptr2,name1,value1);
0x0602	0xF0E9C0E7  	MOVFF       main_ptr2_L0, FARG_JSON_Parse_jsonPtr
0x0606	0xF0EAC0E8  	MOVFF       main_ptr2_L0+1, FARG_JSON_Parse_jsonPtr+1
0x060A	0x0EBF      	MOVLW       _name1
0x060C	0x6FEB      	MOVWF       FARG_JSON_Parse_key, 1
0x060E	0x0E00      	MOVLW       hi_addr(_name1)
0x0610	0x6FEC      	MOVWF       FARG_JSON_Parse_key+1, 1
0x0612	0x0EAB      	MOVLW       _value1
0x0614	0x6FED      	MOVWF       FARG_JSON_Parse_value, 1
0x0616	0x0E00      	MOVLW       hi_addr(_value1)
0x0618	0x6FEE      	MOVWF       FARG_JSON_Parse_value+1, 1
0x061A	0xDEBE      	RCALL       _JSON_Parse
0x061C	0xF0E7C000  	MOVFF       R0, main_ptr2_L0
0x0620	0xF0E8C001  	MOVFF       R1, main_ptr2_L0+1
;MyProject.c,48 :: 		ptr2= JSON_Parse(ptr2+1,name2,value2);
0x0624	0x0E01      	MOVLW       1
0x0626	0x2400      	ADDWF       R0, 0 
0x0628	0x6FE9      	MOVWF       FARG_JSON_Parse_jsonPtr, 1
0x062A	0x0E00      	MOVLW       0
0x062C	0x2001      	ADDWFC      R1, 0 
0x062E	0x6FEA      	MOVWF       FARG_JSON_Parse_jsonPtr+1, 1
0x0630	0x0EDD      	MOVLW       _name2
0x0632	0x6FEB      	MOVWF       FARG_JSON_Parse_key, 1
0x0634	0x0E00      	MOVLW       hi_addr(_name2)
0x0636	0x6FEC      	MOVWF       FARG_JSON_Parse_key+1, 1
0x0638	0x0EC9      	MOVLW       _value2
0x063A	0x6FED      	MOVWF       FARG_JSON_Parse_value, 1
0x063C	0x0E00      	MOVLW       hi_addr(_value2)
0x063E	0x6FEE      	MOVWF       FARG_JSON_Parse_value+1, 1
0x0640	0xDEAB      	RCALL       _JSON_Parse
0x0642	0xF0E7C000  	MOVFF       R0, main_ptr2_L0
0x0646	0xF0E8C001  	MOVFF       R1, main_ptr2_L0+1
;MyProject.c,49 :: 		JSON_Parse(ptr2+1,name3,value3);
0x064A	0x0E01      	MOVLW       1
0x064C	0x2400      	ADDWF       R0, 0 
0x064E	0x6FE9      	MOVWF       FARG_JSON_Parse_jsonPtr, 1
0x0650	0x0E00      	MOVLW       0
0x0652	0x2001      	ADDWFC      R1, 0 
0x0654	0x6FEA      	MOVWF       FARG_JSON_Parse_jsonPtr+1, 1
0x0656	0x0EA1      	MOVLW       _name3
0x0658	0x6FEB      	MOVWF       FARG_JSON_Parse_key, 1
0x065A	0x0E00      	MOVLW       hi_addr(_name3)
0x065C	0x6FEC      	MOVWF       FARG_JSON_Parse_key+1, 1
0x065E	0x0E8D      	MOVLW       _value3
0x0660	0x6FED      	MOVWF       FARG_JSON_Parse_value, 1
0x0662	0x0E00      	MOVLW       hi_addr(_value3)
0x0664	0x6FEE      	MOVWF       FARG_JSON_Parse_value+1, 1
0x0666	0xDE98      	RCALL       _JSON_Parse
;MyProject.c,50 :: 		if(lcdClear)
0x0668	0x5380      	MOVF        main_lcdClear_L0, 1, 1
0x066A	0xE04A      	BZ          L_main5
;MyProject.c,52 :: 		if(strcmp(name1,"SSID")==0 && strcmp(name2,"IP")==0)
0x066C	0x0EBF      	MOVLW       _name1
0x066E	0x6FE9      	MOVWF       FARG_strcmp_s1, 1
0x0670	0x0E00      	MOVLW       hi_addr(_name1)
0x0672	0x6FEA      	MOVWF       FARG_strcmp_s1+1, 1
0x0674	0x0E1C      	MOVLW       ?lstr2_MyProject
0x0676	0x6FEB      	MOVWF       FARG_strcmp_s2, 1
0x0678	0x0E00      	MOVLW       hi_addr(?lstr2_MyProject)
0x067A	0x6FEC      	MOVWF       FARG_strcmp_s2+1, 1
0x067C	0xDD9B      	RCALL       _strcmp
0x067E	0x0E00      	MOVLW       0
0x0680	0x1801      	XORWF       R1, 0 
0x0682	0xE102      	BNZ         L__main13
0x0684	0x0E00      	MOVLW       0
0x0686	0x1800      	XORWF       R0, 0 
L__main13:
0x0688	0xE112      	BNZ         L_main8
0x068A	0x0EDD      	MOVLW       _name2
0x068C	0x0100      	MOVLB       0
0x068E	0x6FE9      	MOVWF       FARG_strcmp_s1, 1
0x0690	0x0E00      	MOVLW       hi_addr(_name2)
0x0692	0x6FEA      	MOVWF       FARG_strcmp_s1+1, 1
0x0694	0x0E19      	MOVLW       ?lstr3_MyProject
0x0696	0x6FEB      	MOVWF       FARG_strcmp_s2, 1
0x0698	0x0E00      	MOVLW       hi_addr(?lstr3_MyProject)
0x069A	0x6FEC      	MOVWF       FARG_strcmp_s2+1, 1
0x069C	0xDD8B      	RCALL       _strcmp
0x069E	0x0E00      	MOVLW       0
0x06A0	0x1801      	XORWF       R1, 0 
0x06A2	0xE102      	BNZ         L__main14
0x06A4	0x0E00      	MOVLW       0
0x06A6	0x1800      	XORWF       R0, 0 
L__main14:
0x06A8	0xE102      	BNZ         L_main8
L__main9:
;MyProject.c,53 :: 		{  lcdClear=0;}
0x06AA	0x0100      	MOVLB       0
0x06AC	0x6B80      	CLRF        main_lcdClear_L0, 1
L_main8:
0x06AE	0x0100      	MOVLB       0
;MyProject.c,54 :: 		Lcd_Cmd(_LCD_CLEAR);               // Clear display
0x06B0	0x0E01      	MOVLW       1
0x06B2	0x6FF7      	MOVWF       FARG_Lcd_Cmd_out_char, 1
0x06B4	0xDCC6      	RCALL       _Lcd_Cmd
;MyProject.c,55 :: 		Lcd_Cmd(_LCD_CURSOR_OFF);          // Cursor off
0x06B6	0x0E0C      	MOVLW       12
0x06B8	0x6FF7      	MOVWF       FARG_Lcd_Cmd_out_char, 1
0x06BA	0xDCC3      	RCALL       _Lcd_Cmd
;MyProject.c,56 :: 		Lcd_Out(1,1,name1);
0x06BC	0x0E01      	MOVLW       1
0x06BE	0x6FE9      	MOVWF       FARG_Lcd_Out_row, 1
0x06C0	0x0E01      	MOVLW       1
0x06C2	0x6FEA      	MOVWF       FARG_Lcd_Out_column, 1
0x06C4	0x0EBF      	MOVLW       _name1
0x06C6	0x6FEB      	MOVWF       FARG_Lcd_Out_text, 1
0x06C8	0x0E00      	MOVLW       hi_addr(_name1)
0x06CA	0x6FEC      	MOVWF       FARG_Lcd_Out_text+1, 1
0x06CC	0xDED7      	RCALL       _Lcd_Out
;MyProject.c,57 :: 		Lcd_Chr_Cp(':');
0x06CE	0x0E3A      	MOVLW       58
0x06D0	0x6FF1      	MOVWF       FARG_Lcd_Chr_CP_out_char, 1
0x06D2	0xDD6A      	RCALL       _Lcd_Chr_CP
;MyProject.c,58 :: 		Lcd_Out_Cp(value1);
0x06D4	0x0EAB      	MOVLW       _value1
0x06D6	0x6FE9      	MOVWF       FARG_Lcd_Out_CP_text, 1
0x06D8	0x0E00      	MOVLW       hi_addr(_value1)
0x06DA	0x6FEA      	MOVWF       FARG_Lcd_Out_CP_text+1, 1
0x06DC	0xDF35      	RCALL       _Lcd_Out_CP
;MyProject.c,59 :: 		Lcd_Out(2,1,name2);
0x06DE	0x0E02      	MOVLW       2
0x06E0	0x6FE9      	MOVWF       FARG_Lcd_Out_row, 1
0x06E2	0x0E01      	MOVLW       1
0x06E4	0x6FEA      	MOVWF       FARG_Lcd_Out_column, 1
0x06E6	0x0EDD      	MOVLW       _name2
0x06E8	0x6FEB      	MOVWF       FARG_Lcd_Out_text, 1
0x06EA	0x0E00      	MOVLW       hi_addr(_name2)
0x06EC	0x6FEC      	MOVWF       FARG_Lcd_Out_text+1, 1
0x06EE	0xDEC6      	RCALL       _Lcd_Out
;MyProject.c,60 :: 		Lcd_Chr_Cp(':');
0x06F0	0x0E3A      	MOVLW       58
0x06F2	0x6FF1      	MOVWF       FARG_Lcd_Chr_CP_out_char, 1
0x06F4	0xDD59      	RCALL       _Lcd_Chr_CP
;MyProject.c,61 :: 		Lcd_Out_Cp(value2);
0x06F6	0x0EC9      	MOVLW       _value2
0x06F8	0x6FE9      	MOVWF       FARG_Lcd_Out_CP_text, 1
0x06FA	0x0E00      	MOVLW       hi_addr(_value2)
0x06FC	0x6FEA      	MOVWF       FARG_Lcd_Out_CP_text+1, 1
0x06FE	0xDF24      	RCALL       _Lcd_Out_CP
;MyProject.c,62 :: 		}
L_main5:
;MyProject.c,63 :: 		Lcd_Out(3,1,name3);
0x0700	0x0E03      	MOVLW       3
0x0702	0x6FE9      	MOVWF       FARG_Lcd_Out_row, 1
0x0704	0x0E01      	MOVLW       1
0x0706	0x6FEA      	MOVWF       FARG_Lcd_Out_column, 1
0x0708	0x0EA1      	MOVLW       _name3
0x070A	0x6FEB      	MOVWF       FARG_Lcd_Out_text, 1
0x070C	0x0E00      	MOVLW       hi_addr(_name3)
0x070E	0x6FEC      	MOVWF       FARG_Lcd_Out_text+1, 1
0x0710	0xDEB5      	RCALL       _Lcd_Out
;MyProject.c,64 :: 		Lcd_Chr_Cp(':');
0x0712	0x0E3A      	MOVLW       58
0x0714	0x6FF1      	MOVWF       FARG_Lcd_Chr_CP_out_char, 1
0x0716	0xDD48      	RCALL       _Lcd_Chr_CP
;MyProject.c,65 :: 		Lcd_Out_Cp(value3);
0x0718	0x0E8D      	MOVLW       _value3
0x071A	0x6FE9      	MOVWF       FARG_Lcd_Out_CP_text, 1
0x071C	0x0E00      	MOVLW       hi_addr(_value3)
0x071E	0x6FEA      	MOVWF       FARG_Lcd_Out_CP_text+1, 1
0x0720	0xDF13      	RCALL       _Lcd_Out_CP
;MyProject.c,66 :: 		strcpy(myData,"");
0x0722	0x0E22      	MOVLW       _myData
0x0724	0x6FE9      	MOVWF       FARG_strcpy_to, 1
0x0726	0x0E00      	MOVLW       hi_addr(_myData)
0x0728	0x6FEA      	MOVWF       FARG_strcpy_to+1, 1
0x072A	0x0E15      	MOVLW       ?lstr4_MyProject
0x072C	0x6FEB      	MOVWF       FARG_strcpy_from, 1
0x072E	0x0E00      	MOVLW       hi_addr(?lstr4_MyProject)
0x0730	0x6FEC      	MOVWF       FARG_strcpy_from+1, 1
0x0732	0xDEE3      	RCALL       _strcpy
;MyProject.c,67 :: 		UART1_Read();UART1_Read();
0x0734	0xDD30      	RCALL       _UART1_Read
0x0736	0xDD2F      	RCALL       _UART1_Read
;MyProject.c,68 :: 		}
L_main4:
;MyProject.c,69 :: 		}
L_main3:
;MyProject.c,70 :: 		}
0x0738	0xD746      	BRA         L_main1
;MyProject.c,71 :: 		}
L_end_main:
0x073A	0xD7FF      	BRA         $+0
; end of _main
Symbol List:
//** Routines locations **
//ADDRESS    SIZE    PROCEDURE
//----------------------------------------------
0x001C      [22]    _Delay_5500us
0x0032       [6]    _Delay_1us
0x0038      [10]    _Delay_50us
0x0042     [126]    _Lcd_Cmd
0x00C0      [68]    _memchr
0x0104     [136]    _strncpy
0x018C      [10]    _UART1_Data_Ready
0x0196      [18]    _UART1_Read
0x01A8      [12]    _Lcd_Chr_CP
0x01B4      [76]    _strcmp
0x0200     [150]    _Lcd_Init
0x0296     [154]    _UART1_Read_Text
0x0330      [88]    _UART1_Init
0x0388      [16]    ___CC2DW
0x0398     [228]    _JSON_Parse
0x047C     [126]    _Lcd_Out
0x04FA      [78]    _strcpy
0x0548      [44]    _Lcd_Out_CP
0x0574     [456]    _main
//** Variables locations ** 
//ADDRESS    SIZE    VARIABLE
//----------------------------------------------
0x0000       [1]    R0
0x0000       [1]    __Lib_SoftI2C_PutZerosToLATSda_temp_sda_L0
0x0000       [1]    FLASH_Erase_64_SaveINTCON_L0
0x0000       [1]    SPI1_Write_tmp_L0
0x0000       [1]    EEPROM_Write_SaveINTCON_L0
0x0000       [1]    UART1_Init_tmp_L0
0x0000       [1]    __Lib_SoftI2C_PutZerosToLATScl_temp_scl_L0
0x0001       [2]    FLASH_Read_N_Bytes_i_L0
0x0001       [1]    FLASH_Write_8_i_L0
0x0001       [1]    R1
0x0001       [1]    I2C1_Rd_tmp_L0
0x0001       [1]    FLASH_Erase_Write_64_i_L0
0x0001       [1]    UART1_Read___tmp_UART1_Read_L0
0x0001       [1]    __Lib_PS2_Wait_Falling_nsample_L0
0x0001       [1]    ispunct_rslt_L0
0x0002       [1]    FLASH_Write_8_SaveINTCON_L0
0x0002       [1]    R2
0x0002       [2]    strlen_cp_L0
0x0002       [1]    FLASH_Erase_Write_64_j_L0
0x0002       [2]    memcpy_dd_L0
0x0002       [2]    memset_pp_L0
0x0002       [2]    memchr_s_L0
0x0003       [2]    MM_TotalFreeMemSize_Tot_L0
0x0003       [1]    MM_Init_i_L0
0x0003       [2]    memmove_tt_L0
0x0003       [1]    __Lib_Sprinti_?FLOC____Lib_Sprinti_Do_FillT29
0x0003       [1]    R3
0x0003       [1]    FLASH_Erase_Write_64_SaveINTCON_L0
0x0003       [2]    Ltrim_original_L0
0x0004       [2]    memcpy_ss_L0
0x0004       [2]    strcpy_cp_L0
0x0004       [2]    strncat_cp_L0
0x0004       [1]    __Lib_Sprinti_?FLOC____Lib_Sprinti_Do_FillT40
0x0004       [2]    strcat_cp_L0
0x0004       [1]    R4
0x0004       [2]    strncpy_cp_L0
0x0004       [2]    __Lib_MemManager_MM_GetMemAlign_P_L0
0x0004       [2]    frexp_pom_L0
0x0005       [2]    LongWordToHex_input_half_L0
0x0005       [2]    LongIntToHex_input_half_L0
0x0005       [1]    MM_TotalFreeMemSize_i_L0
0x0005       [2]    memmove_ff_L0
0x0005       [1]    __Lib_Sprinti_?FLOC____Lib_Sprinti_Do_FillT54
0x0005       [2]    Ltrim_p_L0
0x0005       [1]    R5
0x0006       [1]    R6
0x0006       [1]    __Lib_MemManager_MM_GetMemAlign_i_L0
0x0006       [1]    __Lib_Sprinti_?FLOC____Lib_Sprinti_Do_FillT69
0x0007       [1]    R7
0x0008       [1]    R8
0x0009       [1]    R9
0x000A       [1]    R10
0x000B       [1]    R11
0x000C       [1]    R12
0x000D       [1]    R13
0x000E       [1]    R14
0x000F       [1]    R15
0x0010       [1]    R16
0x0011       [1]    R17
0x0012       [1]    R18
0x0013       [1]    R19
0x0014       [1]    R20
0x0015       [1]    ?lstr4_MyProject
0x0016       [3]    ?lstr1_MyProject
0x0019       [3]    ?lstr3_MyProject
0x001C       [5]    ?lstr2_MyProject
0x0021       [0]    __Lib_Lcd_cmd_status
0x0022      [90]    _myData
0x007C       [4]    _UART_Rd_Ptr
0x0080       [1]    main_lcdClear_L0
0x0081       [4]    _UART_Wr_Ptr
0x0085       [4]    _UART_Tx_Idle_Ptr
0x0089       [4]    _UART_Rdy_Ptr
0x008D      [20]    _value3
0x00A1      [10]    _name3
0x00AB      [20]    _value1
0x00BF      [10]    _name1
0x00C9      [20]    _value2
0x00DD      [10]    _name2
0x00E7       [2]    main_ptr2_L0
0x00E9       [2]    FARG_Lcd_Out_CP_text
0x00E9       [2]    FARG_strcmp_s1
0x00E9       [2]    FARG_strcpy_to
0x00E9       [1]    FARG_Lcd_Out_row
0x00E9       [2]    FARG_JSON_Parse_jsonPtr
0x00E9       [2]    FARG_UART1_Read_Text_Output
0x00EA       [1]    FARG_Lcd_Out_column
0x00EB       [1]    Lcd_Out_CP_i_L0
0x00EB       [2]    FARG_JSON_Parse_key
0x00EB       [2]    FARG_Lcd_Out_text
0x00EB       [2]    FARG_UART1_Read_Text_Delimiter
0x00EB       [2]    FARG_strcmp_s2
0x00EB       [2]    FARG_strcpy_from
0x00ED       [1]    FARG_UART1_Read_Text_Attempts
0x00ED       [2]    FARG_JSON_Parse_value
0x00ED       [1]    Lcd_Out_i_L0
0x00EE       [1]    UART1_Read_Text_r_data_L0
0x00EF       [2]    JSON_Parse_ptr1_L0
0x00EF       [1]    UART1_Read_Text_out_idx_L0
0x00F0       [1]    UART1_Read_Text_delim_idx_L0
0x00F1       [2]    FARG_memchr_p
0x00F1       [2]    FARG_strncpy_to
0x00F1       [1]    FARG_Lcd_Chr_CP_out_char
0x00F3       [2]    FARG_strncpy_from
0x00F3       [1]    FARG_memchr_n
0x00F4       [2]    FARG_memchr_v
0x00F5       [2]    FARG_strncpy_size
0x00F7       [1]    FARG_Lcd_Cmd_out_char
0x0F81       [0]    RB0_bit
0x0F81       [0]    LCD_D5
0x0F81       [0]    LCD_D7
0x0F81       [0]    LCD_D6
0x0F81       [0]    LCD_RS
0x0F81       [0]    RB4_bit
0x0F81       [0]    RB2_bit
0x0F81       [0]    RB1_bit
0x0F81       [0]    LCD_D4
0x0F81       [0]    RB5_bit
0x0F81       [0]    LCD_EN
0x0F81       [0]    RB3_bit
0x0F93       [0]    TRISB1_bit
0x0F93       [0]    LCD_RS_Direction
0x0F93       [0]    TRISB3_bit
0x0F93       [0]    TRISB4_bit
0x0F93       [0]    TRISB2_bit
0x0F93       [0]    LCD_D6_Direction
0x0F93       [0]    LCD_D5_Direction
0x0F93       [0]    LCD_D4_Direction
0x0F93       [0]    LCD_D7_Direction
0x0F93       [0]    TRISB0_bit
0x0F93       [0]    LCD_EN_Direction
0x0F93       [0]    TRISB5_bit
0x0F94       [0]    TRISC6_bit
0x0F94       [0]    TRISC7_bit
0x0F9E       [1]    PIR1
0x0FAB       [1]    RCSTA
0x0FAC       [1]    TXSTA
0x0FAE       [1]    RCREG
0x0FAF       [1]    SPBRG
0x0FD8       [1]    STATUS
0x0FD9       [1]    FSR2L
0x0FDA       [1]    FSR2H
0x0FDE       [1]    POSTINC2
0x0FE0       [1]    BSR
0x0FE1       [1]    FSR1L
0x0FE2       [1]    FSR1H
0x0FE4       [1]    PREINC1
0x0FE6       [1]    POSTINC1
0x0FE7       [1]    INDF1
0x0FE8       [1]    WREG
0x0FE9       [1]    FSR0L
0x0FEA       [1]    FSR0H
0x0FEE       [1]    POSTINC0
0x0FF3       [1]    PRODL
0x0FF4       [1]    PRODH
0x0FF5       [1]    TABLAT
0x0FF6       [1]    TBLPTRL
0x0FF7       [1]    TBLPTRH
0x0FF8       [1]    TBLPTRU
